# JRE version: OpenJDK Runtime Environment (8.0_212-b04) (build 1.8.0_212-b04)
# Java VM: OpenJDK 64-Bit Server VM (25.212-b04 mixed mode linux-amd64 compressed oops)
Heap:
 PSYoungGen      total 4608K, used 0K [0x00000000ffb00000, 0x0000000100000000, 0x0000000100000000)
  eden space 4096K, 0% used [0x00000000ffb00000,0x00000000ffb00000,0x00000000fff00000)
  from space 512K, 0% used [0x00000000fff00000,0x00000000fff00000,0x00000000fff80000)
  to   space 512K, 0% used [0x00000000fff80000,0x00000000fff80000,0x0000000100000000)
 ParOldGen       total 11264K, used 243K [0x00000000ff000000, 0x00000000ffb00000, 0x00000000ffb00000)
  object space 11264K, 2% used [0x00000000ff000000,0x00000000ff03cc48,0x00000000ffb00000)
 Metaspace       used 2694K, capacity 4486K, committed 4864K, reserved 1056768K
  class space    used 253K, capacity 386K, committed 512K, reserved 1048576K
GC Heap History (10 events):
Event: 2.758 GC heap before
{Heap before GC invocations=1 (full 0):
 PSYoungGen      total 4608K, used 507K [0x00000000ffb00000, 0x0000000100000000, 0x0000000100000000)
  eden space 4096K, 12% used [0x00000000ffb00000,0x00000000ffb7eff8,0x00000000fff00000)
  from space 512K, 0% used [0x00000000fff80000,0x00000000fff80000,0x0000000100000000)
  to   space 512K, 0% used [0x00000000fff00000,0x00000000fff00000,0x00000000fff80000)
 ParOldGen       total 11264K, used 0K [0x00000000ff000000, 0x00000000ffb00000, 0x00000000ffb00000)
  object space 11264K, 0% used [0x00000000ff000000,0x00000000ff000000,0x00000000ffb00000)
 Metaspace       used 2693K, capacity 4486K, committed 4864K, reserved 1056768K
  class space    used 253K, capacity 386K, committed 512K, reserved 1048576K
Event: 2.759 GC heap after
Heap after GC invocations=1 (full 0):
 PSYoungGen      total 4608K, used 448K [0x00000000ffb00000, 0x0000000100000000, 0x0000000100000000)
  eden space 4096K, 0% used [0x00000000ffb00000,0x00000000ffb00000,0x00000000fff00000)
  from space 512K, 87% used [0x00000000fff00000,0x00000000fff70020,0x00000000fff80000)
  to   space 512K, 0% used [0x00000000fff80000,0x00000000fff80000,0x0000000100000000)
 ParOldGen       total 11264K, used 8K [0x00000000ff000000, 0x00000000ffb00000, 0x00000000ffb00000)
  object space 11264K, 0% used [0x00000000ff000000,0x00000000ff002000,0x00000000ffb00000)
 Metaspace       used 2693K, capacity 4486K, committed 4864K, reserved 1056768K
  class space    used 253K, capacity 386K, committed 512K, reserved 1048576K
}
Event: 2.759 GC heap before
{Heap before GC invocations=2 (full 0):
 PSYoungGen      total 4608K, used 448K [0x00000000ffb00000, 0x0000000100000000, 0x0000000100000000)
  eden space 4096K, 0% used [0x00000000ffb00000,0x00000000ffb00000,0x00000000fff00000)
  from space 512K, 87% used [0x00000000fff00000,0x00000000fff70020,0x00000000fff80000)
  to   space 512K, 0% used [0x00000000fff80000,0x00000000fff80000,0x0000000100000000)
 ParOldGen       total 11264K, used 8K [0x00000000ff000000, 0x00000000ffb00000, 0x00000000ffb00000)
  object space 11264K, 0% used [0x00000000ff000000,0x00000000ff002000,0x00000000ffb00000)
 Metaspace       used 2693K, capacity 4486K, committed 4864K, reserved 1056768K
  class space    used 253K, capacity 386K, committed 512K, reserved 1048576K
Event: 2.759 GC heap after
Heap after GC invocations=2 (full 0):
 PSYoungGen      total 4608K, used 384K [0x00000000ffb00000, 0x0000000100000000, 0x0000000100000000)
  eden space 4096K, 0% used [0x00000000ffb00000,0x00000000ffb00000,0x00000000fff00000)
  from space 512K, 75% used [0x00000000fff80000,0x00000000fffe0000,0x0000000100000000)
  to   space 512K, 0% used [0x00000000fff00000,0x00000000fff00000,0x00000000fff80000)
 ParOldGen       total 11264K, used 8K [0x00000000ff000000, 0x00000000ffb00000, 0x00000000ffb00000)
  object space 11264K, 0% used [0x00000000ff000000,0x00000000ff002000,0x00000000ffb00000)
 Metaspace       used 2693K, capacity 4486K, committed 4864K, reserved 1056768K
  class space    used 253K, capacity 386K, committed 512K, reserved 1048576K
}
Event: 2.759 GC heap before
{Heap before GC invocations=3 (full 1):
 PSYoungGen      total 4608K, used 384K [0x00000000ffb00000, 0x0000000100000000, 0x0000000100000000)
  eden space 4096K, 0% used [0x00000000ffb00000,0x00000000ffb00000,0x00000000fff00000)
  from space 512K, 75% used [0x00000000fff80000,0x00000000fffe0000,0x0000000100000000)
  to   space 512K, 0% used [0x00000000fff00000,0x00000000fff00000,0x00000000fff80000)
 ParOldGen       total 11264K, used 8K [0x00000000ff000000, 0x00000000ffb00000, 0x00000000ffb00000)
  object space 11264K, 0% used [0x00000000ff000000,0x00000000ff002000,0x00000000ffb00000)
 Metaspace       used 2693K, capacity 4486K, committed 4864K, reserved 1056768K
  class space    used 253K, capacity 386K, committed 512K, reserved 1048576K
Event: 2.762 GC heap after
Heap after GC invocations=3 (full 1):
 PSYoungGen      total 4608K, used 0K [0x00000000ffb00000, 0x0000000100000000, 0x0000000100000000)
  eden space 4096K, 0% used [0x00000000ffb00000,0x00000000ffb00000,0x00000000fff00000)
  from space 512K, 0% used [0x00000000fff80000,0x00000000fff80000,0x0000000100000000)
  to   space 512K, 0% used [0x00000000fff00000,0x00000000fff00000,0x00000000fff80000)
 ParOldGen       total 5632K, used 254K [0x00000000ff000000, 0x00000000ff580000, 0x00000000ffb00000)
  object space 5632K, 4% used [0x00000000ff000000,0x00000000ff03f8e0,0x00000000ff580000)
 Metaspace       used 2693K, capacity 4486K, committed 4864K, reserved 1056768K
  class space    used 253K, capacity 386K, committed 512K, reserved 1048576K
}
Event: 2.762 GC heap before
{Heap before GC invocations=4 (full 1):
 PSYoungGen      total 4608K, used 0K [0x00000000ffb00000, 0x0000000100000000, 0x0000000100000000)
  eden space 4096K, 0% used [0x00000000ffb00000,0x00000000ffb00000,0x00000000fff00000)
  from space 512K, 0% used [0x00000000fff80000,0x00000000fff80000,0x0000000100000000)
  to   space 512K, 0% used [0x00000000fff00000,0x00000000fff00000,0x00000000fff80000)
 ParOldGen       total 11264K, used 254K [0x00000000ff000000, 0x00000000ffb00000, 0x00000000ffb00000)
  object space 11264K, 2% used [0x00000000ff000000,0x00000000ff03f8e0,0x00000000ffb00000)
 Metaspace       used 2693K, capacity 4486K, committed 4864K, reserved 1056768K
  class space    used 253K, capacity 386K, committed 512K, reserved 1048576K
Event: 2.762 GC heap after
Heap after GC invocations=4 (full 1):
 PSYoungGen      total 4608K, used 0K [0x00000000ffb00000, 0x0000000100000000, 0x0000000100000000)
  eden space 4096K, 0% used [0x00000000ffb00000,0x00000000ffb00000,0x00000000fff00000)
  from space 512K, 0% used [0x00000000fff00000,0x00000000fff00000,0x00000000fff80000)
  to   space 512K, 0% used [0x00000000fff80000,0x00000000fff80000,0x0000000100000000)
 ParOldGen       total 11264K, used 254K [0x00000000ff000000, 0x00000000ffb00000, 0x00000000ffb00000)
  object space 11264K, 2% used [0x00000000ff000000,0x00000000ff03f8e0,0x00000000ffb00000)
 Metaspace       used 2693K, capacity 4486K, committed 4864K, reserved 1056768K
  class space    used 253K, capacity 386K, committed 512K, reserved 1048576K
}
Event: 2.762 GC heap before
{Heap before GC invocations=5 (full 2):
 PSYoungGen      total 4608K, used 0K [0x00000000ffb00000, 0x0000000100000000, 0x0000000100000000)
  eden space 4096K, 0% used [0x00000000ffb00000,0x00000000ffb00000,0x00000000fff00000)
  from space 512K, 0% used [0x00000000fff00000,0x00000000fff00000,0x00000000fff80000)
  to   space 512K, 0% used [0x00000000fff80000,0x00000000fff80000,0x0000000100000000)
 ParOldGen       total 11264K, used 254K [0x00000000ff000000, 0x00000000ffb00000, 0x00000000ffb00000)
  object space 11264K, 2% used [0x00000000ff000000,0x00000000ff03f8e0,0x00000000ffb00000)
 Metaspace       used 2693K, capacity 4486K, committed 4864K, reserved 1056768K
  class space    used 253K, capacity 386K, committed 512K, reserved 1048576K
Event: 2.764 GC heap after
Heap after GC invocations=5 (full 2):
 PSYoungGen      total 4608K, used 0K [0x00000000ffb00000, 0x0000000100000000, 0x0000000100000000)
  eden space 4096K, 0% used [0x00000000ffb00000,0x00000000ffb00000,0x00000000fff00000)
  from space 512K, 0% used [0x00000000fff00000,0x00000000fff00000,0x00000000fff80000)
  to   space 512K, 0% used [0x00000000fff80000,0x00000000fff80000,0x0000000100000000)
 ParOldGen       total 7680K, used 243K [0x00000000ff000000, 0x00000000ff780000, 0x00000000ffb00000)
  object space 7680K, 3% used [0x00000000ff000000,0x00000000ff03cc48,0x00000000ff780000)
 Metaspace       used 2693K, capacity 4486K, committed 4864K, reserved 1056768K
  class space    used 253K, capacity 386K, committed 512K, reserved 1048576K
}

