# JRE version: OpenJDK Runtime Environment (8.0_212-b04) (build 1.8.0_212-b04)
# Java VM: OpenJDK 64-Bit Server VM (25.212-b04 mixed mode linux-amd64 compressed oops)
Heap:
 PSYoungGen      total 2560K, used 0K [0x00000000ffd00000, 0x0000000100000000, 0x0000000100000000)
  eden space 2048K, 0% used [0x00000000ffd00000,0x00000000ffd00000,0x00000000fff00000)
  from space 512K, 0% used [0x00000000fff00000,0x00000000fff00000,0x00000000fff80000)
  to   space 512K, 0% used [0x00000000fff80000,0x00000000fff80000,0x0000000100000000)
 ParOldGen       total 7168K, used 243K [0x00000000ff600000, 0x00000000ffd00000, 0x00000000ffd00000)
  object space 7168K, 3% used [0x00000000ff600000,0x00000000ff63cc48,0x00000000ffd00000)
 Metaspace       used 2693K, capacity 4486K, committed 4864K, reserved 1056768K
  class space    used 253K, capacity 386K, committed 512K, reserved 1048576K
GC Heap History (10 events):
Event: 0.082 GC heap before
{Heap before GC invocations=1 (full 0):
 PSYoungGen      total 2560K, used 436K [0x00000000ffd00000, 0x0000000100000000, 0x0000000100000000)
  eden space 2048K, 21% used [0x00000000ffd00000,0x00000000ffd6d0b0,0x00000000fff00000)
  from space 512K, 0% used [0x00000000fff80000,0x00000000fff80000,0x0000000100000000)
  to   space 512K, 0% used [0x00000000fff00000,0x00000000fff00000,0x00000000fff80000)
 ParOldGen       total 7168K, used 0K [0x00000000ff600000, 0x00000000ffd00000, 0x00000000ffd00000)
  object space 7168K, 0% used [0x00000000ff600000,0x00000000ff600000,0x00000000ffd00000)
 Metaspace       used 2693K, capacity 4486K, committed 4864K, reserved 1056768K
  class space    used 253K, capacity 386K, committed 512K, reserved 1048576K
Event: 0.083 GC heap after
Heap after GC invocations=1 (full 0):
 PSYoungGen      total 2560K, used 320K [0x00000000ffd00000, 0x0000000100000000, 0x0000000100000000)
  eden space 2048K, 0% used [0x00000000ffd00000,0x00000000ffd00000,0x00000000fff00000)
  from space 512K, 62% used [0x00000000fff00000,0x00000000fff50020,0x00000000fff80000)
  to   space 512K, 0% used [0x00000000fff80000,0x00000000fff80000,0x0000000100000000)
 ParOldGen       total 7168K, used 8K [0x00000000ff600000, 0x00000000ffd00000, 0x00000000ffd00000)
  object space 7168K, 0% used [0x00000000ff600000,0x00000000ff602000,0x00000000ffd00000)
 Metaspace       used 2693K, capacity 4486K, committed 4864K, reserved 1056768K
  class space    used 253K, capacity 386K, committed 512K, reserved 1048576K
}
Event: 0.083 GC heap before
{Heap before GC invocations=2 (full 0):
 PSYoungGen      total 2560K, used 320K [0x00000000ffd00000, 0x0000000100000000, 0x0000000100000000)
  eden space 2048K, 0% used [0x00000000ffd00000,0x00000000ffd00000,0x00000000fff00000)
  from space 512K, 62% used [0x00000000fff00000,0x00000000fff50020,0x00000000fff80000)
  to   space 512K, 0% used [0x00000000fff80000,0x00000000fff80000,0x0000000100000000)
 ParOldGen       total 7168K, used 8K [0x00000000ff600000, 0x00000000ffd00000, 0x00000000ffd00000)
  object space 7168K, 0% used [0x00000000ff600000,0x00000000ff602000,0x00000000ffd00000)
 Metaspace       used 2693K, capacity 4486K, committed 4864K, reserved 1056768K
  class space    used 253K, capacity 386K, committed 512K, reserved 1048576K
Event: 0.084 GC heap after
Heap after GC invocations=2 (full 0):
 PSYoungGen      total 2560K, used 384K [0x00000000ffd00000, 0x0000000100000000, 0x0000000100000000)
  eden space 2048K, 0% used [0x00000000ffd00000,0x00000000ffd00000,0x00000000fff00000)
  from space 512K, 75% used [0x00000000fff80000,0x00000000fffe0000,0x0000000100000000)
  to   space 512K, 0% used [0x00000000fff00000,0x00000000fff00000,0x00000000fff80000)
 ParOldGen       total 7168K, used 8K [0x00000000ff600000, 0x00000000ffd00000, 0x00000000ffd00000)
  object space 7168K, 0% used [0x00000000ff600000,0x00000000ff602000,0x00000000ffd00000)
 Metaspace       used 2693K, capacity 4486K, committed 4864K, reserved 1056768K
  class space    used 253K, capacity 386K, committed 512K, reserved 1048576K
}
Event: 0.084 GC heap before
{Heap before GC invocations=3 (full 1):
 PSYoungGen      total 2560K, used 384K [0x00000000ffd00000, 0x0000000100000000, 0x0000000100000000)
  eden space 2048K, 0% used [0x00000000ffd00000,0x00000000ffd00000,0x00000000fff00000)
  from space 512K, 75% used [0x00000000fff80000,0x00000000fffe0000,0x0000000100000000)
  to   space 512K, 0% used [0x00000000fff00000,0x00000000fff00000,0x00000000fff80000)
 ParOldGen       total 7168K, used 8K [0x00000000ff600000, 0x00000000ffd00000, 0x00000000ffd00000)
  object space 7168K, 0% used [0x00000000ff600000,0x00000000ff602000,0x00000000ffd00000)
 Metaspace       used 2693K, capacity 4486K, committed 4864K, reserved 1056768K
  class space    used 253K, capacity 386K, committed 512K, reserved 1048576K
Event: 0.091 GC heap after
Heap after GC invocations=3 (full 1):
 PSYoungGen      total 2560K, used 0K [0x00000000ffd00000, 0x0000000100000000, 0x0000000100000000)
  eden space 2048K, 0% used [0x00000000ffd00000,0x00000000ffd00000,0x00000000fff00000)
  from space 512K, 0% used [0x00000000fff80000,0x00000000fff80000,0x0000000100000000)
  to   space 512K, 0% used [0x00000000fff00000,0x00000000fff00000,0x00000000fff80000)
 ParOldGen       total 7168K, used 254K [0x00000000ff600000, 0x00000000ffd00000, 0x00000000ffd00000)
  object space 7168K, 3% used [0x00000000ff600000,0x00000000ff63f8e0,0x00000000ffd00000)
 Metaspace       used 2693K, capacity 4486K, committed 4864K, reserved 1056768K
  class space    used 253K, capacity 386K, committed 512K, reserved 1048576K
}
Event: 0.091 GC heap before
{Heap before GC invocations=4 (full 1):
 PSYoungGen      total 2560K, used 0K [0x00000000ffd00000, 0x0000000100000000, 0x0000000100000000)
  eden space 2048K, 0% used [0x00000000ffd00000,0x00000000ffd00000,0x00000000fff00000)
  from space 512K, 0% used [0x00000000fff80000,0x00000000fff80000,0x0000000100000000)
  to   space 512K, 0% used [0x00000000fff00000,0x00000000fff00000,0x00000000fff80000)
 ParOldGen       total 7168K, used 254K [0x00000000ff600000, 0x00000000ffd00000, 0x00000000ffd00000)
  object space 7168K, 3% used [0x00000000ff600000,0x00000000ff63f8e0,0x00000000ffd00000)
 Metaspace       used 2693K, capacity 4486K, committed 4864K, reserved 1056768K
  class space    used 253K, capacity 386K, committed 512K, reserved 1048576K
Event: 0.091 GC heap after
Heap after GC invocations=4 (full 1):
 PSYoungGen      total 2560K, used 0K [0x00000000ffd00000, 0x0000000100000000, 0x0000000100000000)
  eden space 2048K, 0% used [0x00000000ffd00000,0x00000000ffd00000,0x00000000fff00000)
  from space 512K, 0% used [0x00000000fff00000,0x00000000fff00000,0x00000000fff80000)
  to   space 512K, 0% used [0x00000000fff80000,0x00000000fff80000,0x0000000100000000)
 ParOldGen       total 7168K, used 254K [0x00000000ff600000, 0x00000000ffd00000, 0x00000000ffd00000)
  object space 7168K, 3% used [0x00000000ff600000,0x00000000ff63f8e0,0x00000000ffd00000)
 Metaspace       used 2693K, capacity 4486K, committed 4864K, reserved 1056768K
  class space    used 253K, capacity 386K, committed 512K, reserved 1048576K
}
Event: 0.091 GC heap before
{Heap before GC invocations=5 (full 2):
 PSYoungGen      total 2560K, used 0K [0x00000000ffd00000, 0x0000000100000000, 0x0000000100000000)
  eden space 2048K, 0% used [0x00000000ffd00000,0x00000000ffd00000,0x00000000fff00000)
  from space 512K, 0% used [0x00000000fff00000,0x00000000fff00000,0x00000000fff80000)
  to   space 512K, 0% used [0x00000000fff80000,0x00000000fff80000,0x0000000100000000)
 ParOldGen       total 7168K, used 254K [0x00000000ff600000, 0x00000000ffd00000, 0x00000000ffd00000)
  object space 7168K, 3% used [0x00000000ff600000,0x00000000ff63f8e0,0x00000000ffd00000)
 Metaspace       used 2693K, capacity 4486K, committed 4864K, reserved 1056768K
  class space    used 253K, capacity 386K, committed 512K, reserved 1048576K
Event: 0.093 GC heap after
Heap after GC invocations=5 (full 2):
 PSYoungGen      total 2560K, used 0K [0x00000000ffd00000, 0x0000000100000000, 0x0000000100000000)
  eden space 2048K, 0% used [0x00000000ffd00000,0x00000000ffd00000,0x00000000fff00000)
  from space 512K, 0% used [0x00000000fff00000,0x00000000fff00000,0x00000000fff80000)
  to   space 512K, 0% used [0x00000000fff80000,0x00000000fff80000,0x0000000100000000)
 ParOldGen       total 7168K, used 243K [0x00000000ff600000, 0x00000000ffd00000, 0x00000000ffd00000)
  object space 7168K, 3% used [0x00000000ff600000,0x00000000ff63cc48,0x00000000ffd00000)
 Metaspace       used 2693K, capacity 4486K, committed 4864K, reserved 1056768K
  class space    used 253K, capacity 386K, committed 512K, reserved 1048576K
}

